Removed Member From Class: ClassName=U_[02] - SIM Member=R19
Change Component Designator: OldDesignator=P1 NewDesignator=P3
Change Component Designator: OldDesignator=P2 NewDesignator=P4
Added Component: Designator=P1(CAP_0805)
Add component. Clean all parameters for all variants
Add component (AddParameter): Name = "LatestRevisionDate"; Value = "17-Jul-2002"; VariantName = "[No Variations]"
Add component (AddParameter): Name = "LatestRevisionNote"; Value = "Re-released for DXP Platform."; VariantName = "[No Variations]"
Add component (AddParameter): Name = "PackageReference"; Value = "RAD-0.3"; VariantName = "[No Variations]"
Add component (AddParameter): Name = "Published"; Value = "8-Jun-2000"; VariantName = "[No Variations]"
Add component (AddParameter): Name = "Publisher"; Value = "Altium Limited"; VariantName = "[No Variations]"
Add component (AddParameter): Name = "Value"; Value = "33p"; VariantName = "[No Variations]"
Added Component: Designator=P2(CAP_0805)
Add component. Clean all parameters for all variants
Add component (AddParameter): Name = "LatestRevisionDate"; Value = "17-Jul-2002"; VariantName = "[No Variations]"
Add component (AddParameter): Name = "LatestRevisionNote"; Value = "Re-released for DXP Platform."; VariantName = "[No Variations]"
Add component (AddParameter): Name = "PackageReference"; Value = "RAD-0.3"; VariantName = "[No Variations]"
Add component (AddParameter): Name = "Published"; Value = "8-Jun-2000"; VariantName = "[No Variations]"
Add component (AddParameter): Name = "Publisher"; Value = "Altium Limited"; VariantName = "[No Variations]"
Add component (AddParameter): Name = "Value"; Value = "33p"; VariantName = "[No Variations]"
Added Pin To Net: NetName=SWCLK Pin=P1-1
Added Pin To Net: NetName=SWDIO Pin=P1-2
Added Pin To Net: NetName=GND Pin=P2-1
Added Pin To Net: NetName=3V3 Pin=P2-2
Change Net Name : Old Net Name=NetP1_1 New Net Name=NetP3_1
Added Member To Class: ClassName=U_[02] - SIM Member=Component LED2 LED
Added Member To Class: ClassName=U_[01] - MCU Member=Component P1 0
Added Member To Class: ClassName=U_[01] - MCU Member=Component P2 0
Added Member To Class: ClassName=U_[02] - SIM Member=Component Q1 2SC1815
Added Member To Class: ClassName=U_[02] - SIM Member=Component R5 1k
Added Member To Class: ClassName=U_[02] - SIM Member=Component R7 4.7k
Added Member To Class: ClassName=U_[02] - SIM Member=Component R9 47k
Added Room: Name=U_[01] - MCU
Added Room: Name=U_[02] - SIM
Added Room: Name=U_[03] - SENSORs
Added Room: Name=U_[04] - Power
